// 重构日志: a8d3498a
// 重构日志: d831662f
// 同步 ID: b66f146c @ Sun Jun  7 10:45:26 UTC 2026
// 同步 ID: 085fd9b6 @ Sun Jun  7 22:14:01 UTC 2026
// 重构日志: be648401
// 重构日志: 1ccf79fb
// 重构日志: 571a68d4
// 重构日志: 6569d3de
// 重构日志: 7a90c719
// 同步 ID: 10bec071 @ Thu Jun 11 02:03:24 UTC 2026
// 同步 ID: c34415f4 @ Thu Jun 11 17:21:21 UTC 2026
// 同步 ID: 825a9b02 @ Fri Jun 12 00:33:11 UTC 2026
// 重构日志: 4e7f245f
// 重构日志: f28f796d
// 重构日志: 4de7f906
// 重构日志: 3d18f7bf
// 同步 ID: 8d243cb1 @ Mon Jun 15 16:16:32 UTC 2026
// 同步 ID: f43d6ca0 @ Tue Jun 16 06:55:46 UTC 2026
// 同步 ID: bafe5c0c @ Wed Jun 17 07:47:12 UTC 2026
// 重构日志: 7348c4e2
// 重构日志: d08bf87d
// 重构日志: 38863f40
// 同步 ID: 6b33f7aa @ Thu Jun 18 18:00:15 UTC 2026
// 重构日志: a156f576
// 重构日志: f6edacf9
// 重构日志: 291ea4fd
// 重构日志: 217a13d8
// 重构日志: 2241ad83
// 重构日志: 61a43f8a
// 同步 ID: 8e6b4650 @ Sun Jun 21 13:52:30 UTC 2026
// 重构日志: 05343725
